<?xml version="1.0" encoding="UTF-8"?>
<!-- Generated by org.testng.reporters.JUnitXMLReporter -->
<testsuite ignored="0" hostname="VISWANATHs-MBP" failures="0" tests="6" name="Surefire test" time="0.042" errors="0" timestamp="2020-12-19T15:40:51 MST">
  <testcase classname="qaclickacademy.AppiumTest" name="NativeAppAndroid" time="0.004"/>
  <testcase classname="qaclickacademy.AppiumTest" name="iOSApps" time="0.001"/>
  <testcase classname="qaclickacademy.APITest" name="APITest1" time="0.0"/>
  <testcase classname="qaclickacademy.APITest" name="APITest2" time="0.0"/>
  <testcase classname="qaclickacademy.SeleniumTest" name="BrowserAutomation" time="0.0"/>
  <testcase classname="qaclickacademy.SeleniumTest" name="ElementsUI" time="0.0"/>
</testsuite> <!-- Surefire test -->
