<?xml version="1.0" encoding="UTF-8"?>
<testng-results ignored="0" total="6" passed="6" failed="0" skipped="0">
  <reporter-output>
  </reporter-output>
  <suite started-at="2020-12-19T15:40:51 MST" name="Surefire suite" finished-at="2020-12-19T15:40:51 MST" duration-ms="42">
    <groups>
    </groups>
    <test started-at="2020-12-19T15:40:51 MST" name="Surefire test" finished-at="2020-12-19T15:40:51 MST" duration-ms="42">
      <class name="qaclickacademy.AppiumTest">
        <test-method signature="NativeAppAndroid()[pri:0, instance:qaclickacademy.AppiumTest@175c2241]" started-at="2020-12-19T15:40:51 MST" name="NativeAppAndroid" finished-at="2020-12-19T15:40:51 MST" duration-ms="4" status="PASS">
          <reporter-output>
          </reporter-output>
        </test-method> <!-- NativeAppAndroid -->
        <test-method signature="iOSApps()[pri:0, instance:qaclickacademy.AppiumTest@175c2241]" started-at="2020-12-19T15:40:51 MST" name="iOSApps" finished-at="2020-12-19T15:40:51 MST" duration-ms="1" status="PASS">
          <reporter-output>
          </reporter-output>
        </test-method> <!-- iOSApps -->
      </class> <!-- qaclickacademy.AppiumTest -->
      <class name="qaclickacademy.APITest">
        <test-method signature="APITest1()[pri:0, instance:qaclickacademy.APITest@5bf0d49]" started-at="2020-12-19T15:40:51 MST" name="APITest1" finished-at="2020-12-19T15:40:51 MST" duration-ms="0" status="PASS">
          <reporter-output>
          </reporter-output>
        </test-method> <!-- APITest1 -->
        <test-method signature="APITest2()[pri:0, instance:qaclickacademy.APITest@5bf0d49]" started-at="2020-12-19T15:40:51 MST" name="APITest2" finished-at="2020-12-19T15:40:51 MST" duration-ms="0" status="PASS">
          <reporter-output>
          </reporter-output>
        </test-method> <!-- APITest2 -->
      </class> <!-- qaclickacademy.APITest -->
      <class name="qaclickacademy.SeleniumTest">
        <test-method signature="ElementsUI()[pri:0, instance:qaclickacademy.SeleniumTest@5b7a5baa]" started-at="2020-12-19T15:40:51 MST" name="ElementsUI" finished-at="2020-12-19T15:40:51 MST" duration-ms="0" status="PASS">
          <reporter-output>
          </reporter-output>
        </test-method> <!-- ElementsUI -->
        <test-method signature="BrowserAutomation()[pri:0, instance:qaclickacademy.SeleniumTest@5b7a5baa]" started-at="2020-12-19T15:40:51 MST" name="BrowserAutomation" finished-at="2020-12-19T15:40:51 MST" duration-ms="0" status="PASS">
          <reporter-output>
          </reporter-output>
        </test-method> <!-- BrowserAutomation -->
      </class> <!-- qaclickacademy.SeleniumTest -->
    </test> <!-- Surefire test -->
  </suite> <!-- Surefire suite -->
</testng-results>
