<?xml version="1.0" encoding="UTF-8"?>
<testng-results ignored="0" total="2" passed="2" failed="0" skipped="0">
  <reporter-output>
  </reporter-output>
  <suite started-at="2020-12-16T17:20:45 MST" name="Default suite" finished-at="2020-12-16T17:20:45 MST" duration-ms="45">
    <groups>
    </groups>
    <test started-at="2020-12-16T17:20:45 MST" name="Default test" finished-at="2020-12-16T17:20:45 MST" duration-ms="45">
      <class name="qaclickacademy.RestAPI">
        <test-method signature="deleteTwitter()[pri:0, instance:qaclickacademy.RestAPI@71238fc2]" started-at="2020-12-16T17:20:45 MST" name="deleteTwitter" finished-at="2020-12-16T17:20:45 MST" duration-ms="8" status="PASS">
          <reporter-output>
          </reporter-output>
        </test-method> <!-- deleteTwitter -->
        <test-method signature="postJira()[pri:0, instance:qaclickacademy.RestAPI@71238fc2]" started-at="2020-12-16T17:20:45 MST" name="postJira" finished-at="2020-12-16T17:20:45 MST" duration-ms="1" status="PASS">
          <reporter-output>
          </reporter-output>
        </test-method> <!-- postJira -->
      </class> <!-- qaclickacademy.RestAPI -->
    </test> <!-- Default test -->
  </suite> <!-- Default suite -->
</testng-results>
